DROPPING TABLES
DROPPING User TABLE
DROPPING Playlists TABLE
DROPPING Tracks TABLE
DROPPING Albums TABLE
DROPPING Artists TABLE
DROPPING TrackAlbum TABLE
DROPPING TrackArtists TABLE
DROPPING TrackPlaylists TABLE
DROPPING AlbumArtists TABLE

CREATING TABLES:
TABLE DATA User:
User
Username CHAR(25) PRIMARY KEY, UserToken VARCHAR(250), isPremium BOOL, displayName VARCHAR(30) NOT NULL
['Username', 'UserToken', 'isPremium', 'displayName']

TABLE DATA Playlists:
Playlists
playlistID CHAR(22) PRIMARY KEY, songCount INT NOT NULL, userID VARCHAR(22) NOT NULL, playlistName VARCHAR(100) NOT NULL
['playlistID', 'songCount', 'userID', 'playlistName']

TABLE DATA Tracks:
Tracks
songID CHAR(22) PRIMARY KEY, duration INT NOT NULL, songName VARCHAR(200) NOT NULL, popularity INT NOT NULL, genre VARCHAR(20), albumID CHAR(22) NOT NULL, artistID CHAR(22) NOT NULL, FOREIGN KEY(albumID) REFERENCES Albums(albumID), FOREIGN KEY(artistID) REFERENCES TrackArtists(songID), CHECK(popularity >= 0 AND popularity <= 100)
['songID', 'duration', 'songName', 'popularity', 'genre', 'albumID', 'artistID']

TABLE DATA Albums:
Albums
albumID CHAR(22) PRIMARY KEY, albumName VARCHAR(200) NOT NULL, albumSongs INT
['albumID', 'albumName', 'albumSongs']

TABLE DATA Artists:
Artists
artistID CHAR(22) PRIMARY KEY, artistName VARCHAR(100) NOT NULL
['artistID', 'artistName']

TABLE DATA TrackAlbum:
TrackAlbum
songID CHAR(22) NOT NULL, albumID CHAR(22) NOT NULL, FOREIGN KEY(songID) REFERENCES Tracks(songID), FOREIGN KEY(albumID) REFERENCES Albums(albumID)
['songID', 'albumID']

TABLE DATA TrackArtists:
TrackArtists
songID CHAR(22) NOT NULL, artistID CHAR(22) NOT NULL, FOREIGN KEY(songID) REFERENCES Tracks(songID), FOREIGN KEY(artistID) REFERENCES Artists(artistID)
['songID', 'artistID']

TABLE DATA TrackPlaylists:
TrackPlaylists
songID CHAR(22) NOT NULL, playlistID CHAR(22) NOT NULL, FOREIGN KEY(songID) REFERENCES Tracks(songID), FOREIGN KEY(playlistID) REFERENCES Playlists(playlistID)
['songID', 'playlistID']

TABLE DATA AlbumArtists:
AlbumArtists
songID CHAR(22) NOT NULL, albumID CHAR(22) NOT NULL, FOREIGN KEY(songID) REFERENCES Tracks(songID), FOREIGN KEY(albumID) REFERENCES Albums(albumID)
['songID', 'albumID']

User Playlists Tracks Albums Artists TrackAlbum TrackArtists TrackPlaylists AlbumArtists
CREATING User
CREATING Playlists
CREATING Tracks
CREATING Albums
CREATING Artists
CREATING TrackAlbum
CREATING TrackArtists
CREATING TrackPlaylists
CREATING AlbumArtists

OBTAINING DATA:
143
53
REQUEST ERROR
FALLING BACK ONTO SAVED FILE

MISC:
{'country': 'AU', 'display_name': 'James2854', 'explicit_content': {'filter_enabled': False, 'filter_locked': False}, 'external_urls': {'spotify': 'https://open.spotify.com/user/9ntbx2jbwq9s7fqew766eawob'}, 'followers': {'href': None, 'total': 7}, 'href': 'https://api.spotify.com/v1/users/9ntbx2jbwq9s7fqew766eawob', 'id': '9ntbx2jbwq9s7fqew766eawob', 'images': [{'height': None, 'url': 'https://i.scdn.co/image/ab6775700000ee85e7745e99a494a862d2bb2b21', 'width': None}], 'product': 'premium', 'type': 'user', 'uri': 'spotify:user:9ntbx2jbwq9s7fqew766eawob'}
album artists available_markets disc_number duration_ms episode explicit external_ids external_urls href id is_local name popularity preview_url track track_number type uri
[{'external_urls': {'spotify': 'https://open.spotify.com/artist/45dkTj5sMRSjrmBSBeiHym'}, 'href': 'https://api.spotify.com/v1/artists/45dkTj5sMRSjrmBSBeiHym', 'id': '45dkTj5sMRSjrmBSBeiHym', 'name': 'Tate McRae', 'type': 'artist', 'uri': 'spotify:artist:45dkTj5sMRSjrmBSBeiHym'}]
True
INSERT INTO User (Username, UserToken, isPremium, displayName) VALUES ("9ntbx2jbwq9s7fqew766eawob", "BQCem60TE4lslNgq718jTacMHt6EfujBL4w4Ks6vvPTBJfdeOXEGKP8-Oz59RSdIk1Y4VNBMdS868o-ZkNJKzN_ME33uH9N8kF1vvfuWQd5RmnEBcqymT84ancieDaaBpO8pjlKiTA_ZGhX76JR3TIwzTOA5HgpLG4dfuR0Y7zUZvdjXX1g8Wcbigd_2tHLbxMbKMfR8j5_7dVpZeP23B1e83e89xrVmVo8", "premium", "James2854")
INSERT TRACK/ALBUM (45bE4HXI0AwGZXfZtMp8JR/1RWiRfdNZKDe8VXzzf2VEc) INTO TrackAlbum TABLE
INSERT INTO TrackAlbum (songID, albumID) VALUES ("45bE4HXI0AwGZXfZtMp8JR", "1RWiRfdNZKDe8VXzzf2VEc")
INSERT TRACK 45bE4HXI0AwGZXfZtMp8JR INTO Track TABLE
INSERT INTO Tracks (songID, duration, songName, popularity, genre, albumID, artistID) VALUES ("45bE4HXI0AwGZXfZtMp8JR", 169265, "you broke me first", 93, "forro", "1RWiRfdNZKDe8VXzzf2VEc", "45bE4HXI0AwGZXfZtMp8JR")
INSERT TRACK/ALBUM (7Bar1kLTmsRmH6FCKKMEyU/4xmJCh7ct63QvQ5wRc44db) INTO TrackAlbum TABLE
INSERT INTO TrackAlbum (songID, albumID) VALUES ("7Bar1kLTmsRmH6FCKKMEyU", "4xmJCh7ct63QvQ5wRc44db")
INSERT TRACK 7Bar1kLTmsRmH6FCKKMEyU INTO Track TABLE
INSERT INTO Tracks (songID, duration, songName, popularity, genre, albumID, artistID) VALUES ("7Bar1kLTmsRmH6FCKKMEyU", 202007, "Hit Different", 82, "road-trip", "4xmJCh7ct63QvQ5wRc44db", "7Bar1kLTmsRmH6FCKKMEyU")
INSERT TRACK/ALBUM (551xyaSJsg8hILXFq9JdST/3S4AQxtnqGJOtw1k6ZT111) INTO TrackAlbum TABLE
INSERT INTO TrackAlbum (songID, albumID) VALUES ("551xyaSJsg8hILXFq9JdST", "3S4AQxtnqGJOtw1k6ZT111")
INSERT TRACK 551xyaSJsg8hILXFq9JdST INTO Track TABLE
INSERT INTO Tracks (songID, duration, songName, popularity, genre, albumID, artistID) VALUES ("551xyaSJsg8hILXFq9JdST", 185850, "The Plan - From the Motion Picture 'TENET'", 84, "ambient", "3S4AQxtnqGJOtw1k6ZT111", "551xyaSJsg8hILXFq9JdST")
INSERT TRACK/ALBUM (3tjFYV6RSFtuktYl3ZtYcq/4YMnOf4a7obOcN1Gy2QEuM) INTO TrackAlbum TABLE
INSERT INTO TrackAlbum (songID, albumID) VALUES ("3tjFYV6RSFtuktYl3ZtYcq", "4YMnOf4a7obOcN1Gy2QEuM")
INSERT TRACK 3tjFYV6RSFtuktYl3ZtYcq INTO Track TABLE
INSERT INTO Tracks (songID, duration, songName, popularity, genre, albumID, artistID) VALUES ("3tjFYV6RSFtuktYl3ZtYcq", 140525, "Mood (feat. Iann Dior)", 98, "j-dance", "4YMnOf4a7obOcN1Gy2QEuM", "3tjFYV6RSFtuktYl3ZtYcq")
INSERT TRACK/ALBUM (1dhYq1n9vdU4CFNuNgG6tX/2OBUeZuNizPdChVZD9I3VC) INTO TrackAlbum TABLE
INSERT INTO TrackAlbum (songID, albumID) VALUES ("1dhYq1n9vdU4CFNuNgG6tX", "2OBUeZuNizPdChVZD9I3VC")
INSERT TRACK 1dhYq1n9vdU4CFNuNgG6tX INTO Track TABLE
INSERT INTO Tracks (songID, duration, songName, popularity, genre, albumID, artistID) VALUES ("1dhYq1n9vdU4CFNuNgG6tX", 132765, "Killing Me Softly", 0, "funk", "2OBUeZuNizPdChVZD9I3VC", "1dhYq1n9vdU4CFNuNgG6tX")
INSERT TRACK/ALBUM (6Ed1q0X8oSKSm4IIhiQbYg/1jcNHi5D96aaD0T5f1OjFY) INTO TrackAlbum TABLE
INSERT INTO TrackAlbum (songID, albumID) VALUES ("6Ed1q0X8oSKSm4IIhiQbYg", "1jcNHi5D96aaD0T5f1OjFY")
INSERT TRACK 6Ed1q0X8oSKSm4IIhiQbYg INTO Track TABLE
INSERT INTO Tracks (songID, duration, songName, popularity, genre, albumID, artistID) VALUES ("6Ed1q0X8oSKSm4IIhiQbYg", 163905, "Daylight", 81, "alternative", "1jcNHi5D96aaD0T5f1OjFY", "6Ed1q0X8oSKSm4IIhiQbYg")
INSERT TRACK/ALBUM (72PFP54TZ9Tpj9dYQcb46D/3Z4azB3wiiI0fwXNTvQwwB) INTO TrackAlbum TABLE
INSERT INTO TrackAlbum (songID, albumID) VALUES ("72PFP54TZ9Tpj9dYQcb46D", "3Z4azB3wiiI0fwXNTvQwwB")
INSERT TRACK 72PFP54TZ9Tpj9dYQcb46D INTO Track TABLE
INSERT INTO Tracks (songID, duration, songName, popularity, genre, albumID, artistID) VALUES ("72PFP54TZ9Tpj9dYQcb46D", 156367, "NIGHTRIDER", 74, "alternative", "3Z4azB3wiiI0fwXNTvQwwB", "72PFP54TZ9Tpj9dYQcb46D")
INSERT TRACK/ALBUM (3aA6xB0tOilDDX17fIJ0Bl/3jCcsG6jkQTnUJyCACAg0r) INTO TrackAlbum TABLE
INSERT INTO TrackAlbum (songID, albumID) VALUES ("3aA6xB0tOilDDX17fIJ0Bl", "3jCcsG6jkQTnUJyCACAg0r")
INSERT TRACK 3aA6xB0tOilDDX17fIJ0Bl INTO Track TABLE
INSERT INTO Tracks (songID, duration, songName, popularity, genre, albumID, artistID) VALUES ("3aA6xB0tOilDDX17fIJ0Bl", 284480, "Freak", 81, "movies", "3jCcsG6jkQTnUJyCACAg0r", "3aA6xB0tOilDDX17fIJ0Bl")
INSERT TRACK/ALBUM (78N02op9bsjWqvEdBZWi7g/3tclA01WueohWeuinS79Ib) INTO TrackAlbum TABLE
INSERT INTO TrackAlbum (songID, albumID) VALUES ("78N02op9bsjWqvEdBZWi7g", "3tclA01WueohWeuinS79Ib")
INSERT TRACK 78N02op9bsjWqvEdBZWi7g INTO Track TABLE
INSERT INTO Tracks (songID, duration, songName, popularity, genre, albumID, artistID) VALUES ("78N02op9bsjWqvEdBZWi7g", 158798, "BIRYANI", 37, "death-metal", "3tclA01WueohWeuinS79Ib", "78N02op9bsjWqvEdBZWi7g")
INSERT TRACK/ALBUM (5jJOk0qFfnoscoyJAuRcNJ/3BL6Tm6PF0S7gDbZnu1u5D) INTO TrackAlbum TABLE
INSERT INTO TrackAlbum (songID, albumID) VALUES ("5jJOk0qFfnoscoyJAuRcNJ", "3BL6Tm6PF0S7gDbZnu1u5D")
INSERT TRACK 5jJOk0qFfnoscoyJAuRcNJ INTO Track TABLE
INSERT INTO Tracks (songID, duration, songName, popularity, genre, albumID, artistID) VALUES ("5jJOk0qFfnoscoyJAuRcNJ", 176646, "Ur So F**kInG cOoL - blackbear remix", 0, "pagode", "3BL6Tm6PF0S7gDbZnu1u5D", "5jJOk0qFfnoscoyJAuRcNJ")
INSERT TRACK/ALBUM (0GQqQ7dA7B4mcEktSZaOUp/4Fa7UBvAT9kuEMOAq2gbHm) INTO TrackAlbum TABLE
INSERT INTO TrackAlbum (songID, albumID) VALUES ("0GQqQ7dA7B4mcEktSZaOUp", "4Fa7UBvAT9kuEMOAq2gbHm")
INSERT TRACK 0GQqQ7dA7B4mcEktSZaOUp INTO Track TABLE
INSERT INTO Tracks (songID, duration, songName, popularity, genre, albumID, artistID) VALUES ("0GQqQ7dA7B4mcEktSZaOUp", 193189, "as long as you care", 70, "british", "4Fa7UBvAT9kuEMOAq2gbHm", "0GQqQ7dA7B4mcEktSZaOUp")
INSERT TRACK/ALBUM (23LjKekhzdcesZxdyui2kN/4laxBryKHydVsMyrqAGzgJ) INTO TrackAlbum TABLE
INSERT INTO TrackAlbum (songID, albumID) VALUES ("23LjKekhzdcesZxdyui2kN", "4laxBryKHydVsMyrqAGzgJ")
INSERT TRACK 23LjKekhzdcesZxdyui2kN INTO Track TABLE
INSERT INTO Tracks (songID, duration, songName, popularity, genre, albumID, artistID) VALUES ("23LjKekhzdcesZxdyui2kN", 174425, "Yes", 53, "brazil", "4laxBryKHydVsMyrqAGzgJ", "23LjKekhzdcesZxdyui2kN")
INSERT TRACK/ALBUM (0Ea93OZ0O50zKius7W3lU7/0r95i3Z2dUJ95brlcAYmhI) INTO TrackAlbum TABLE
INSERT INTO TrackAlbum (songID, albumID) VALUES ("0Ea93OZ0O50zKius7W3lU7", "0r95i3Z2dUJ95brlcAYmhI")
INSERT TRACK 0Ea93OZ0O50zKius7W3lU7 INTO Track TABLE
INSERT INTO Tracks (songID, duration, songName, popularity, genre, albumID, artistID) VALUES ("0Ea93OZ0O50zKius7W3lU7", 215040, "Is It Just Me?", 0, "bossanova", "0r95i3Z2dUJ95brlcAYmhI", "0Ea93OZ0O50zKius7W3lU7")
INSERT TRACK/ALBUM (0R60496gawZvoT1QxdLrts/4dUS1rkkTX4oTOsgNM7sjO) INTO TrackAlbum TABLE
INSERT INTO TrackAlbum (songID, albumID) VALUES ("0R60496gawZvoT1QxdLrts", "4dUS1rkkTX4oTOsgNM7sjO")
INSERT TRACK 0R60496gawZvoT1QxdLrts INTO Track TABLE
INSERT INTO Tracks (songID, duration, songName, popularity, genre, albumID, artistID) VALUES ("0R60496gawZvoT1QxdLrts", 187875, "Red Gatorade", 59, "metal", "4dUS1rkkTX4oTOsgNM7sjO", "0R60496gawZvoT1QxdLrts")
INSERT TRACK/ALBUM (5Kb8yPzd5HVS8PwMKDFBdH/0Ze5p1Sna6aewzDie4Guk8) INTO TrackAlbum TABLE
INSERT INTO TrackAlbum (songID, albumID) VALUES ("5Kb8yPzd5HVS8PwMKDFBdH", "0Ze5p1Sna6aewzDie4Guk8")
INSERT TRACK 5Kb8yPzd5HVS8PwMKDFBdH INTO Track TABLE
INSERT INTO Tracks (songID, duration, songName, popularity, genre, albumID, artistID) VALUES ("5Kb8yPzd5HVS8PwMKDFBdH", 236091, "Beyond the Pine", 59, "rockabilly", "0Ze5p1Sna6aewzDie4Guk8", "5Kb8yPzd5HVS8PwMKDFBdH")
INSERT TRACK/ALBUM (20wMPnqHdNdBWaKRaMM7fD/3dkB97Zw0sisRWTn0Wokjg) INTO TrackAlbum TABLE
INSERT INTO TrackAlbum (songID, albumID) VALUES ("20wMPnqHdNdBWaKRaMM7fD", "3dkB97Zw0sisRWTn0Wokjg")
INSERT TRACK 20wMPnqHdNdBWaKRaMM7fD INTO Track TABLE
INSERT INTO Tracks (songID, duration, songName, popularity, genre, albumID, artistID) VALUES ("20wMPnqHdNdBWaKRaMM7fD", 203572, "feel away (feat. James Blake & Mount Kimbie)", 56, "forro", "3dkB97Zw0sisRWTn0Wokjg", "20wMPnqHdNdBWaKRaMM7fD")
INSERT TRACK/ALBUM (0JzPnwc3eDdyBeReXFLgXr/0XCbNyUbT3873z30JAwkbi) INTO TrackAlbum TABLE
INSERT INTO TrackAlbum (songID, albumID) VALUES ("0JzPnwc3eDdyBeReXFLgXr", "0XCbNyUbT3873z30JAwkbi")
INSERT TRACK 0JzPnwc3eDdyBeReXFLgXr INTO Track TABLE
INSERT INTO Tracks (songID, duration, songName, popularity, genre, albumID, artistID) VALUES ("0JzPnwc3eDdyBeReXFLgXr", 165219, "Look Easy", 62, "disney", "0XCbNyUbT3873z30JAwkbi", "0JzPnwc3eDdyBeReXFLgXr")
INSERT TRACK/ALBUM (3D8sT8D3f5egWSQnF0fbqu/6Hlyw2Jvzz7BnIQQYzSXVZ) INTO TrackAlbum TABLE
INSERT INTO TrackAlbum (songID, albumID) VALUES ("3D8sT8D3f5egWSQnF0fbqu", "6Hlyw2Jvzz7BnIQQYzSXVZ")
INSERT TRACK 3D8sT8D3f5egWSQnF0fbqu INTO Track TABLE
INSERT INTO Tracks (songID, duration, songName, popularity, genre, albumID, artistID) VALUES ("3D8sT8D3f5egWSQnF0fbqu", 170405, "Chicken Tenders", 68, "garage", "6Hlyw2Jvzz7BnIQQYzSXVZ", "3D8sT8D3f5egWSQnF0fbqu")
INSERT TRACK/ALBUM (3sHz6UbaGGYCaHCuvF0nz9/0KkRILvgYmyuaHGO7NAQ5s) INTO TrackAlbum TABLE
INSERT INTO TrackAlbum (songID, albumID) VALUES ("3sHz6UbaGGYCaHCuvF0nz9", "0KkRILvgYmyuaHGO7NAQ5s")
INSERT TRACK 3sHz6UbaGGYCaHCuvF0nz9 INTO Track TABLE
INSERT INTO Tracks (songID, duration, songName, popularity, genre, albumID, artistID) VALUES ("3sHz6UbaGGYCaHCuvF0nz9", 212547, "Midnight", 29, "afrobeat", "0KkRILvgYmyuaHGO7NAQ5s", "3sHz6UbaGGYCaHCuvF0nz9")
INSERT TRACK/ALBUM (3E3dVJVbItAbfZppxOjXd3/4P7Slo8nhfoSxKbmotSeQw) INTO TrackAlbum TABLE
INSERT INTO TrackAlbum (songID, albumID) VALUES ("3E3dVJVbItAbfZppxOjXd3", "4P7Slo8nhfoSxKbmotSeQw")
INSERT TRACK 3E3dVJVbItAbfZppxOjXd3 INTO Track TABLE
INSERT INTO Tracks (songID, duration, songName, popularity, genre, albumID, artistID) VALUES ("3E3dVJVbItAbfZppxOjXd3", 243666, "Salina", 51, "latino", "4P7Slo8nhfoSxKbmotSeQw", "3E3dVJVbItAbfZppxOjXd3")
INSERT TRACK/ALBUM (4fRLdKddgF9HlNqOqLAUWl/73FZoZthmoi8zUAGZUNz4T) INTO TrackAlbum TABLE
INSERT INTO TrackAlbum (songID, albumID) VALUES ("4fRLdKddgF9HlNqOqLAUWl", "73FZoZthmoi8zUAGZUNz4T")
INSERT TRACK 4fRLdKddgF9HlNqOqLAUWl INTO Track TABLE
INSERT INTO Tracks (songID, duration, songName, popularity, genre, albumID, artistID) VALUES ("4fRLdKddgF9HlNqOqLAUWl", 204300, "Famous", 72, "party", "73FZoZthmoi8zUAGZUNz4T", "4fRLdKddgF9HlNqOqLAUWl")
INSERT TRACK/ALBUM (4IxRx6byFf1RuXcbNny5qj/4BeN8xu9ZEPUIPEFVFHuN6) INTO TrackAlbum TABLE
INSERT INTO TrackAlbum (songID, albumID) VALUES ("4IxRx6byFf1RuXcbNny5qj", "4BeN8xu9ZEPUIPEFVFHuN6")
INSERT TRACK 4IxRx6byFf1RuXcbNny5qj INTO Track TABLE
INSERT INTO Tracks (songID, duration, songName, popularity, genre, albumID, artistID) VALUES ("4IxRx6byFf1RuXcbNny5qj", 263333, "miss andry", 0, "trip-hop", "4BeN8xu9ZEPUIPEFVFHuN6", "4IxRx6byFf1RuXcbNny5qj")
INSERT TRACK/ALBUM (6QbnAZkCSz8SDbrykDpIHj/47arIGrLONkmtzRqK2Mb4A) INTO TrackAlbum TABLE
INSERT INTO TrackAlbum (songID, albumID) VALUES ("6QbnAZkCSz8SDbrykDpIHj", "47arIGrLONkmtzRqK2Mb4A")
INSERT TRACK 6QbnAZkCSz8SDbrykDpIHj INTO Track TABLE
INSERT INTO Tracks (songID, duration, songName, popularity, genre, albumID, artistID) VALUES ("6QbnAZkCSz8SDbrykDpIHj", 203874, "Somebody I'm Proud Of", 0, "synth-pop", "47arIGrLONkmtzRqK2Mb4A", "6QbnAZkCSz8SDbrykDpIHj")
INSERT TRACK/ALBUM (3tpn9S7AZdy9MjmRX69xND/3wuSvuTGQbfQrvTG4MTsir) INTO TrackAlbum TABLE
INSERT INTO TrackAlbum (songID, albumID) VALUES ("3tpn9S7AZdy9MjmRX69xND", "3wuSvuTGQbfQrvTG4MTsir")
INSERT TRACK 3tpn9S7AZdy9MjmRX69xND INTO Track TABLE
INSERT INTO Tracks (songID, duration, songName, popularity, genre, albumID, artistID) VALUES ("3tpn9S7AZdy9MjmRX69xND", 225247, "PSYCHO HOLE", 48, "dub", "3wuSvuTGQbfQrvTG4MTsir", "3tpn9S7AZdy9MjmRX69xND")
INSERT TRACK/ALBUM (1DdHNz1ouKGQPur7w6zUnl/630RVG4awL7mUJ39KbBV0c) INTO TrackAlbum TABLE
INSERT INTO TrackAlbum (songID, albumID) VALUES ("1DdHNz1ouKGQPur7w6zUnl", "630RVG4awL7mUJ39KbBV0c")
INSERT TRACK 1DdHNz1ouKGQPur7w6zUnl INTO Track TABLE
INSERT INTO Tracks (songID, duration, songName, popularity, genre, albumID, artistID) VALUES ("1DdHNz1ouKGQPur7w6zUnl", 203746, "Stuck", 43, "sad", "630RVG4awL7mUJ39KbBV0c", "1DdHNz1ouKGQPur7w6zUnl")
INSERT TRACK/ALBUM (7mhqMmidKEwxuntUlNSpnr/0MLSJDyyyV4DL88ufWEhBO) INTO TrackAlbum TABLE
INSERT INTO TrackAlbum (songID, albumID) VALUES ("7mhqMmidKEwxuntUlNSpnr", "0MLSJDyyyV4DL88ufWEhBO")
INSERT TRACK 7mhqMmidKEwxuntUlNSpnr INTO Track TABLE
INSERT INTO Tracks (songID, duration, songName, popularity, genre, albumID, artistID) VALUES ("7mhqMmidKEwxuntUlNSpnr", 227677, "Painkiller (feat. Denzel Curry)", 51, "piano", "0MLSJDyyyV4DL88ufWEhBO", "7mhqMmidKEwxuntUlNSpnr")
INSERT TRACK/ALBUM (566ZaaHWQiurSzWEes8N6u/3XGmSGz6F9X0m3cUZeyAbQ) INTO TrackAlbum TABLE
INSERT INTO TrackAlbum (songID, albumID) VALUES ("566ZaaHWQiurSzWEes8N6u", "3XGmSGz6F9X0m3cUZeyAbQ")
INSERT TRACK 566ZaaHWQiurSzWEes8N6u INTO Track TABLE
INSERT INTO Tracks (songID, duration, songName, popularity, genre, albumID, artistID) VALUES ("566ZaaHWQiurSzWEes8N6u", 118363, "Mine", 39, "new-age", "3XGmSGz6F9X0m3cUZeyAbQ", "566ZaaHWQiurSzWEes8N6u")
INSERT TRACK/ALBUM (02iW5boMzeBDVRI0dRE1Yw/08Usy71SUwQRT09A7LTTgg) INTO TrackAlbum TABLE
INSERT INTO TrackAlbum (songID, albumID) VALUES ("02iW5boMzeBDVRI0dRE1Yw", "08Usy71SUwQRT09A7LTTgg")
INSERT TRACK 02iW5boMzeBDVRI0dRE1Yw INTO Track TABLE
INSERT INTO Tracks (songID, duration, songName, popularity, genre, albumID, artistID) VALUES ("02iW5boMzeBDVRI0dRE1Yw", 143672, "don't be sad", 71, "idm", "08Usy71SUwQRT09A7LTTgg", "02iW5boMzeBDVRI0dRE1Yw")
INSERT TRACK/ALBUM (3BZPgp7sXgLxQhk9yrWiFz/7ju1GDiuelueO1A7ZKuFJg) INTO TrackAlbum TABLE
INSERT INTO TrackAlbum (songID, albumID) VALUES ("3BZPgp7sXgLxQhk9yrWiFz", "7ju1GDiuelueO1A7ZKuFJg")
INSERT TRACK 3BZPgp7sXgLxQhk9yrWiFz INTO Track TABLE
INSERT INTO Tracks (songID, duration, songName, popularity, genre, albumID, artistID) VALUES ("3BZPgp7sXgLxQhk9yrWiFz", 139144, "Glitch (feat. Tinashe)", 57, "ska", "7ju1GDiuelueO1A7ZKuFJg", "3BZPgp7sXgLxQhk9yrWiFz")
INSERT TRACK/ALBUM (6HzyZQTFNqIMzRNw5eAsOM/0JYdBW8Nfqu67yNBk00Irh) INTO TrackAlbum TABLE
INSERT INTO TrackAlbum (songID, albumID) VALUES ("6HzyZQTFNqIMzRNw5eAsOM", "0JYdBW8Nfqu67yNBk00Irh")
INSERT TRACK 6HzyZQTFNqIMzRNw5eAsOM INTO Track TABLE
INSERT INTO Tracks (songID, duration, songName, popularity, genre, albumID, artistID) VALUES ("6HzyZQTFNqIMzRNw5eAsOM", 217711, "Idaho", 51, "pop-film", "0JYdBW8Nfqu67yNBk00Irh", "6HzyZQTFNqIMzRNw5eAsOM")
INSERT TRACK/ALBUM (0t0QEf4OY8h2rJhIZGLKWc/0fDnY8jkBJI9Gifp1VhY0Z) INTO TrackAlbum TABLE
INSERT INTO TrackAlbum (songID, albumID) VALUES ("0t0QEf4OY8h2rJhIZGLKWc", "0fDnY8jkBJI9Gifp1VhY0Z")
INSERT TRACK 0t0QEf4OY8h2rJhIZGLKWc INTO Track TABLE
INSERT INTO Tracks (songID, duration, songName, popularity, genre, albumID, artistID) VALUES ("0t0QEf4OY8h2rJhIZGLKWc", 210080, "Patience", 0, "blues", "0fDnY8jkBJI9Gifp1VhY0Z", "0t0QEf4OY8h2rJhIZGLKWc")
INSERT TRACK/ALBUM (4Wi5YeExODRDiBlaIEGl7c/1EGWOZQJnslOveU68bqH8S) INTO TrackAlbum TABLE
INSERT INTO TrackAlbum (songID, albumID) VALUES ("4Wi5YeExODRDiBlaIEGl7c", "1EGWOZQJnslOveU68bqH8S")
INSERT TRACK 4Wi5YeExODRDiBlaIEGl7c INTO Track TABLE
INSERT INTO Tracks (songID, duration, songName, popularity, genre, albumID, artistID) VALUES ("4Wi5YeExODRDiBlaIEGl7c", 195176, "Maybe I", 42, "pop-film", "1EGWOZQJnslOveU68bqH8S", "4Wi5YeExODRDiBlaIEGl7c")
INSERT TRACK/ALBUM (3fmMvH68HRTut5FMX9mGbw/5jfxOBuo3jEc8eJ6deDRzb) INTO TrackAlbum TABLE
INSERT INTO TrackAlbum (songID, albumID) VALUES ("3fmMvH68HRTut5FMX9mGbw", "5jfxOBuo3jEc8eJ6deDRzb")
INSERT TRACK 3fmMvH68HRTut5FMX9mGbw INTO Track TABLE
INSERT INTO Tracks (songID, duration, songName, popularity, genre, albumID, artistID) VALUES ("3fmMvH68HRTut5FMX9mGbw", 201799, "Body Language", 48, "chicago-house", "5jfxOBuo3jEc8eJ6deDRzb", "3fmMvH68HRTut5FMX9mGbw")
INSERT TRACK/ALBUM (4KQ5ZawJ9Lz4OATq8c2J6O/6F78Mv8OLWL1oj7ybdwVPe) INTO TrackAlbum TABLE
INSERT INTO TrackAlbum (songID, albumID) VALUES ("4KQ5ZawJ9Lz4OATq8c2J6O", "6F78Mv8OLWL1oj7ybdwVPe")
INSERT TRACK 4KQ5ZawJ9Lz4OATq8c2J6O INTO Track TABLE
INSERT INTO Tracks (songID, duration, songName, popularity, genre, albumID, artistID) VALUES ("4KQ5ZawJ9Lz4OATq8c2J6O", 219573, "Soul Like This", 19, "study", "6F78Mv8OLWL1oj7ybdwVPe", "4KQ5ZawJ9Lz4OATq8c2J6O")
INSERT TRACK/ALBUM (0SRPuTnr5QOKRoIxMvvlgK/1BubKJqf6Uc4fNae5kLJJ7) INTO TrackAlbum TABLE
INSERT INTO TrackAlbum (songID, albumID) VALUES ("0SRPuTnr5QOKRoIxMvvlgK", "1BubKJqf6Uc4fNae5kLJJ7")
INSERT TRACK 0SRPuTnr5QOKRoIxMvvlgK INTO Track TABLE
INSERT INTO Tracks (songID, duration, songName, popularity, genre, albumID, artistID) VALUES ("0SRPuTnr5QOKRoIxMvvlgK", 186050, "Vampire", 71, "minimal-techno", "1BubKJqf6Uc4fNae5kLJJ7", "0SRPuTnr5QOKRoIxMvvlgK")
INSERT TRACK/ALBUM (1NWt41NYeGpKwOvhIvxIuh/1DigwvXacnpNkzskhCNqJW) INTO TrackAlbum TABLE
INSERT INTO TrackAlbum (songID, albumID) VALUES ("1NWt41NYeGpKwOvhIvxIuh", "1DigwvXacnpNkzskhCNqJW")
INSERT TRACK 1NWt41NYeGpKwOvhIvxIuh INTO Track TABLE
INSERT INTO Tracks (songID, duration, songName, popularity, genre, albumID, artistID) VALUES ("1NWt41NYeGpKwOvhIvxIuh", 169030, "Just A Phase", 46, "trance", "1DigwvXacnpNkzskhCNqJW", "1NWt41NYeGpKwOvhIvxIuh")
INSERT TRACK/ALBUM (5EPQuwZQUdAowm7rXMU4VO/2xDVZTYZBbamiK5WDCG4DR) INTO TrackAlbum TABLE
INSERT INTO TrackAlbum (songID, albumID) VALUES ("5EPQuwZQUdAowm7rXMU4VO", "2xDVZTYZBbamiK5WDCG4DR")
INSERT TRACK 5EPQuwZQUdAowm7rXMU4VO INTO Track TABLE
INSERT INTO Tracks (songID, duration, songName, popularity, genre, albumID, artistID) VALUES ("5EPQuwZQUdAowm7rXMU4VO", 300106, "Take Care In Your Dreaming (feat. Denzel Curry, Tricky & Sampa The Great)", 46, "drum-and-bass", "2xDVZTYZBbamiK5WDCG4DR", "5EPQuwZQUdAowm7rXMU4VO")
INSERT TRACK/ALBUM (0u8AnQEMd9W6fDG2UbFjyz/4ec8RXuBUknXHrkjpeNNdl) INTO TrackAlbum TABLE
INSERT INTO TrackAlbum (songID, albumID) VALUES ("0u8AnQEMd9W6fDG2UbFjyz", "4ec8RXuBUknXHrkjpeNNdl")
INSERT TRACK 0u8AnQEMd9W6fDG2UbFjyz INTO Track TABLE
INSERT INTO Tracks (songID, duration, songName, popularity, genre, albumID, artistID) VALUES ("0u8AnQEMd9W6fDG2UbFjyz", 219795, "Yesteryear", 59, "songwriter", "4ec8RXuBUknXHrkjpeNNdl", "0u8AnQEMd9W6fDG2UbFjyz")
INSERT TRACK/ALBUM (2t7D3y0jvYjR8IP9Bosyew/40wtKuLVVlde1T88LqtZwa) INTO TrackAlbum TABLE
INSERT INTO TrackAlbum (songID, albumID) VALUES ("2t7D3y0jvYjR8IP9Bosyew", "40wtKuLVVlde1T88LqtZwa")
INSERT TRACK 2t7D3y0jvYjR8IP9Bosyew INTO Track TABLE
INSERT INTO Tracks (songID, duration, songName, popularity, genre, albumID, artistID) VALUES ("2t7D3y0jvYjR8IP9Bosyew", 183947, "GO (feat. Juice WRLD)", 79, "disco", "40wtKuLVVlde1T88LqtZwa", "2t7D3y0jvYjR8IP9Bosyew")
INSERT TRACK/ALBUM (2ZI8BIaUuMsmpDHnRORYGv/6xhozZsdqYCLVownWMUuHB) INTO TrackAlbum TABLE
INSERT INTO TrackAlbum (songID, albumID) VALUES ("2ZI8BIaUuMsmpDHnRORYGv", "6xhozZsdqYCLVownWMUuHB")
INSERT TRACK 2ZI8BIaUuMsmpDHnRORYGv INTO Track TABLE
INSERT INTO Tracks (songID, duration, songName, popularity, genre, albumID, artistID) VALUES ("2ZI8BIaUuMsmpDHnRORYGv", 212080, "Moderation", 39, "trance", "6xhozZsdqYCLVownWMUuHB", "2ZI8BIaUuMsmpDHnRORYGv")
INSERT TRACK/ALBUM (56l5nazZw2rwYmu3dqbWjo/2eqVhf9whzytXH8WcHS2Y7) INTO TrackAlbum TABLE
INSERT INTO TrackAlbum (songID, albumID) VALUES ("56l5nazZw2rwYmu3dqbWjo", "2eqVhf9whzytXH8WcHS2Y7")
INSERT TRACK 56l5nazZw2rwYmu3dqbWjo INTO Track TABLE
INSERT INTO Tracks (songID, duration, songName, popularity, genre, albumID, artistID) VALUES ("56l5nazZw2rwYmu3dqbWjo", 202706, "No Stress", 0, "k-pop", "2eqVhf9whzytXH8WcHS2Y7", "56l5nazZw2rwYmu3dqbWjo")
INSERT TRACK/ALBUM (1kNUfc1fCi930KfjA4Ku0S/2UVMuDanIqBsXlPdt2kzao) INTO TrackAlbum TABLE
INSERT INTO TrackAlbum (songID, albumID) VALUES ("1kNUfc1fCi930KfjA4Ku0S", "2UVMuDanIqBsXlPdt2kzao")
INSERT TRACK 1kNUfc1fCi930KfjA4Ku0S INTO Track TABLE
INSERT INTO Tracks (songID, duration, songName, popularity, genre, albumID, artistID) VALUES ("1kNUfc1fCi930KfjA4Ku0S", 246184, "I'd Do It All Again", 37, "classical", "2UVMuDanIqBsXlPdt2kzao", "1kNUfc1fCi930KfjA4Ku0S")
INSERT TRACK/ALBUM (76Gw6K3kG2zjuNGoFuwxIP/3SlvWfCmLRNQWZlgzYep3B) INTO TrackAlbum TABLE
INSERT INTO TrackAlbum (songID, albumID) VALUES ("76Gw6K3kG2zjuNGoFuwxIP", "3SlvWfCmLRNQWZlgzYep3B")
INSERT TRACK 76Gw6K3kG2zjuNGoFuwxIP INTO Track TABLE
INSERT INTO Tracks (songID, duration, songName, popularity, genre, albumID, artistID) VALUES ("76Gw6K3kG2zjuNGoFuwxIP", 164605, "damn Right", 51, "reggae", "3SlvWfCmLRNQWZlgzYep3B", "76Gw6K3kG2zjuNGoFuwxIP")
INSERT TRACK/ALBUM (7eJMfftS33KTjuF7lTsMCx/2p9gK2BcdrloHNJwarc9gc) INTO TrackAlbum TABLE
INSERT INTO TrackAlbum (songID, albumID) VALUES ("7eJMfftS33KTjuF7lTsMCx", "2p9gK2BcdrloHNJwarc9gc")
INSERT TRACK 7eJMfftS33KTjuF7lTsMCx INTO Track TABLE
INSERT INTO Tracks (songID, duration, songName, popularity, genre, albumID, artistID) VALUES ("7eJMfftS33KTjuF7lTsMCx", 173333, "death bed (coffee for your head)", 93, "metal-misc", "2p9gK2BcdrloHNJwarc9gc", "7eJMfftS33KTjuF7lTsMCx")
INSERT TRACK/ALBUM (3P19nxSpYrupB4WQH3o5g6/6wP7aImGjqrQEaS8tz47kr) INTO TrackAlbum TABLE
INSERT INTO TrackAlbum (songID, albumID) VALUES ("3P19nxSpYrupB4WQH3o5g6", "6wP7aImGjqrQEaS8tz47kr")
INSERT TRACK 3P19nxSpYrupB4WQH3o5g6 INTO Track TABLE
INSERT INTO Tracks (songID, duration, songName, popularity, genre, albumID, artistID) VALUES ("3P19nxSpYrupB4WQH3o5g6", 147833, "drunk (feat. Laeland & Rxseboy)", 0, "opera", "6wP7aImGjqrQEaS8tz47kr", "3P19nxSpYrupB4WQH3o5g6")
INSERT TRACK/ALBUM (3hFJCuaWDiHhgEtcXDrRjW/5W7S415sRJ4Ifu0wlCex5Z) INTO TrackAlbum TABLE
INSERT INTO TrackAlbum (songID, albumID) VALUES ("3hFJCuaWDiHhgEtcXDrRjW", "5W7S415sRJ4Ifu0wlCex5Z")
INSERT TRACK 3hFJCuaWDiHhgEtcXDrRjW INTO Track TABLE
INSERT INTO Tracks (songID, duration, songName, popularity, genre, albumID, artistID) VALUES ("3hFJCuaWDiHhgEtcXDrRjW", 165986, "Working For The Weekend (feat. bbno$)", 64, "metal", "5W7S415sRJ4Ifu0wlCex5Z", "3hFJCuaWDiHhgEtcXDrRjW")
INSERT TRACK/ALBUM (4oPpZTmvfQTvKGylBklkXR/24Xwk3XH9eDzWaz6PbgK4G) INTO TrackAlbum TABLE
INSERT INTO TrackAlbum (songID, albumID) VALUES ("4oPpZTmvfQTvKGylBklkXR", "24Xwk3XH9eDzWaz6PbgK4G")
INSERT TRACK 4oPpZTmvfQTvKGylBklkXR INTO Track TABLE
INSERT INTO Tracks (songID, duration, songName, popularity, genre, albumID, artistID) VALUES ("4oPpZTmvfQTvKGylBklkXR", 221710, "Ghost", 36, "swedish", "24Xwk3XH9eDzWaz6PbgK4G", "4oPpZTmvfQTvKGylBklkXR")
INSERT TRACK/ALBUM (1kERj1mdR9X6ZkCGsbIwYc/32En4ZcvsHfgeQh26fX9wn) INTO TrackAlbum TABLE
INSERT INTO TrackAlbum (songID, albumID) VALUES ("1kERj1mdR9X6ZkCGsbIwYc", "32En4ZcvsHfgeQh26fX9wn")
INSERT TRACK 1kERj1mdR9X6ZkCGsbIwYc INTO Track TABLE
INSERT INTO Tracks (songID, duration, songName, popularity, genre, albumID, artistID) VALUES ("1kERj1mdR9X6ZkCGsbIwYc", 161890, "Effortless", 50, "turkish", "32En4ZcvsHfgeQh26fX9wn", "1kERj1mdR9X6ZkCGsbIwYc")
INSERT TRACK/ALBUM (1MvNmc92AefUHhlup17uJ2/4NNaed6gjXkteIvWO0bZ3k) INTO TrackAlbum TABLE
INSERT INTO TrackAlbum (songID, albumID) VALUES ("1MvNmc92AefUHhlup17uJ2", "4NNaed6gjXkteIvWO0bZ3k")
INSERT TRACK 1MvNmc92AefUHhlup17uJ2 INTO Track TABLE
INSERT INTO Tracks (songID, duration, songName, popularity, genre, albumID, artistID) VALUES ("1MvNmc92AefUHhlup17uJ2", 177138, "CITY OF ANGELS (feat. YUNGBLUD) - YUNGBLUD Remix", 61, "hardcore", "4NNaed6gjXkteIvWO0bZ3k", "1MvNmc92AefUHhlup17uJ2")
INSERT TRACK/ALBUM (2aVpVSMLqRNUv3KQWidgr4/0aEf1gP5r6FaHMMEtKiYMW) INTO TrackAlbum TABLE
INSERT INTO TrackAlbum (songID, albumID) VALUES ("2aVpVSMLqRNUv3KQWidgr4", "0aEf1gP5r6FaHMMEtKiYMW")
INSERT TRACK 2aVpVSMLqRNUv3KQWidgr4 INTO Track TABLE
INSERT INTO Tracks (songID, duration, songName, popularity, genre, albumID, artistID) VALUES ("2aVpVSMLqRNUv3KQWidgr4", 197508, "Daisy Chain", 0, "forro", "0aEf1gP5r6FaHMMEtKiYMW", "2aVpVSMLqRNUv3KQWidgr4")
INSERT TRACK/ALBUM (5Ccg8UcCF5k1Viv5FGwWK2/33g4ZQ220t765m9ibpykRR) INTO TrackAlbum TABLE
INSERT INTO TrackAlbum (songID, albumID) VALUES ("5Ccg8UcCF5k1Viv5FGwWK2", "33g4ZQ220t765m9ibpykRR")
INSERT TRACK 5Ccg8UcCF5k1Viv5FGwWK2 INTO Track TABLE
INSERT INTO Tracks (songID, duration, songName, popularity, genre, albumID, artistID) VALUES ("5Ccg8UcCF5k1Viv5FGwWK2", 203583, "Range Rover", 30, "latino", "33g4ZQ220t765m9ibpykRR", "5Ccg8UcCF5k1Viv5FGwWK2")
INSERT TRACK/ALBUM (2gA60fKSJEZRKRjKEkUogB/0aD7NQSrLNwbjZpr2aYdZF) INTO TrackAlbum TABLE
INSERT INTO TrackAlbum (songID, albumID) VALUES ("2gA60fKSJEZRKRjKEkUogB", "0aD7NQSrLNwbjZpr2aYdZF")
INSERT TRACK 2gA60fKSJEZRKRjKEkUogB INTO Track TABLE
INSERT INTO Tracks (songID, duration, songName, popularity, genre, albumID, artistID) VALUES ("2gA60fKSJEZRKRjKEkUogB", 227722, "Bluebird", 0, "techno", "0aD7NQSrLNwbjZpr2aYdZF", "2gA60fKSJEZRKRjKEkUogB")
INSERT TRACK/ALBUM (1b5Po2VuQl2UWwMw6CcHRx/75xqAqjcPCqjF5kQ8oqTGG) INTO TrackAlbum TABLE
INSERT INTO TrackAlbum (songID, albumID) VALUES ("1b5Po2VuQl2UWwMw6CcHRx", "75xqAqjcPCqjF5kQ8oqTGG")
INSERT TRACK 1b5Po2VuQl2UWwMw6CcHRx INTO Track TABLE
INSERT INTO Tracks (songID, duration, songName, popularity, genre, albumID, artistID) VALUES ("1b5Po2VuQl2UWwMw6CcHRx", 291907, "Like Breaking Glass", 49, "salsa", "75xqAqjcPCqjF5kQ8oqTGG", "1b5Po2VuQl2UWwMw6CcHRx")
INSERT TRACK/ALBUM (3iSqkvJmmEfvG65MI0Ua8R/2Cpy8vr0SjGbKZ8sUEnaxW) INTO TrackAlbum TABLE
INSERT INTO TrackAlbum (songID, albumID) VALUES ("3iSqkvJmmEfvG65MI0Ua8R", "2Cpy8vr0SjGbKZ8sUEnaxW")
INSERT TRACK 3iSqkvJmmEfvG65MI0Ua8R INTO Track TABLE
INSERT INTO Tracks (songID, duration, songName, popularity, genre, albumID, artistID) VALUES ("3iSqkvJmmEfvG65MI0Ua8R", 184310, "The Middle", 45, "death-metal", "2Cpy8vr0SjGbKZ8sUEnaxW", "3iSqkvJmmEfvG65MI0Ua8R")
INSERT TRACK/ALBUM (2Y5ToNbHwqNCMpCsdDCNCO/7vorOBTZxmSYxlq99ULTbH) INTO TrackAlbum TABLE
INSERT INTO TrackAlbum (songID, albumID) VALUES ("2Y5ToNbHwqNCMpCsdDCNCO", "7vorOBTZxmSYxlq99ULTbH")
INSERT TRACK 2Y5ToNbHwqNCMpCsdDCNCO INTO Track TABLE
INSERT INTO Tracks (songID, duration, songName, popularity, genre, albumID, artistID) VALUES ("2Y5ToNbHwqNCMpCsdDCNCO", 187327, "over u.", 44, "grindcore", "7vorOBTZxmSYxlq99ULTbH", "2Y5ToNbHwqNCMpCsdDCNCO")
INSERT TRACK/ALBUM (0qx6kgsfoYIrGKl7Pfhhs9/0jDLBGgXkm5bcE98sdJ5BU) INTO TrackAlbum TABLE
INSERT INTO TrackAlbum (songID, albumID) VALUES ("0qx6kgsfoYIrGKl7Pfhhs9", "0jDLBGgXkm5bcE98sdJ5BU")
INSERT TRACK 0qx6kgsfoYIrGKl7Pfhhs9 INTO Track TABLE
INSERT INTO Tracks (songID, duration, songName, popularity, genre, albumID, artistID) VALUES ("0qx6kgsfoYIrGKl7Pfhhs9", 169280, "All Our Time (feat. Jae Stephens)", 0, "guitar", "0jDLBGgXkm5bcE98sdJ5BU", "0qx6kgsfoYIrGKl7Pfhhs9")
INSERT TRACK/ALBUM (43MucIWRjbzSiX0jqzSTHc/5h3UgyKwvVv6bqxsY7jMub) INTO TrackAlbum TABLE
INSERT INTO TrackAlbum (songID, albumID) VALUES ("43MucIWRjbzSiX0jqzSTHc", "5h3UgyKwvVv6bqxsY7jMub")
INSERT TRACK 43MucIWRjbzSiX0jqzSTHc INTO Track TABLE
INSERT INTO Tracks (songID, duration, songName, popularity, genre, albumID, artistID) VALUES ("43MucIWRjbzSiX0jqzSTHc", 172065, "Cold Feet", 53, "latino", "5h3UgyKwvVv6bqxsY7jMub", "43MucIWRjbzSiX0jqzSTHc")
INSERT TRACK/ALBUM (1bm9fYT93FWd8KgM4rsttb/6R5ayHpDG1dXKNFf6YjW6R) INTO TrackAlbum TABLE
INSERT INTO TrackAlbum (songID, albumID) VALUES ("1bm9fYT93FWd8KgM4rsttb", "6R5ayHpDG1dXKNFf6YjW6R")
INSERT TRACK 1bm9fYT93FWd8KgM4rsttb INTO Track TABLE
INSERT INTO Tracks (songID, duration, songName, popularity, genre, albumID, artistID) VALUES ("1bm9fYT93FWd8KgM4rsttb", 180026, "KEEP ON HANGING ON", 32, "punk-rock", "6R5ayHpDG1dXKNFf6YjW6R", "1bm9fYT93FWd8KgM4rsttb")
INSERT TRACK/ALBUM (18Ks9kGu8LrcVoZP6M3CNK/1zA8rNzhq9BgLAE9JhKSRy) INTO TrackAlbum TABLE
INSERT INTO TrackAlbum (songID, albumID) VALUES ("18Ks9kGu8LrcVoZP6M3CNK", "1zA8rNzhq9BgLAE9JhKSRy")
INSERT TRACK 18Ks9kGu8LrcVoZP6M3CNK INTO Track TABLE
INSERT INTO Tracks (songID, duration, songName, popularity, genre, albumID, artistID) VALUES ("18Ks9kGu8LrcVoZP6M3CNK", 213472, "YUUUU", 0, "turkish", "1zA8rNzhq9BgLAE9JhKSRy", "18Ks9kGu8LrcVoZP6M3CNK")
INSERT TRACK/ALBUM (0yeDzSWRH7HDeWMcXvgUaA/42wXjVpz6KItN0kZUhq23d) INTO TrackAlbum TABLE
INSERT INTO TrackAlbum (songID, albumID) VALUES ("0yeDzSWRH7HDeWMcXvgUaA", "42wXjVpz6KItN0kZUhq23d")
INSERT TRACK 0yeDzSWRH7HDeWMcXvgUaA INTO Track TABLE
INSERT INTO Tracks (songID, duration, songName, popularity, genre, albumID, artistID) VALUES ("0yeDzSWRH7HDeWMcXvgUaA", 134970, "Agreeable", 41, "summer", "42wXjVpz6KItN0kZUhq23d", "0yeDzSWRH7HDeWMcXvgUaA")
INSERT TRACK/ALBUM (55vsJO4tLZQ37qzD5QUOmh/0hLO1xWbUmh7jkQ5dSn8yj) INTO TrackAlbum TABLE
INSERT INTO TrackAlbum (songID, albumID) VALUES ("55vsJO4tLZQ37qzD5QUOmh", "0hLO1xWbUmh7jkQ5dSn8yj")
INSERT TRACK 55vsJO4tLZQ37qzD5QUOmh INTO Track TABLE
INSERT INTO Tracks (songID, duration, songName, popularity, genre, albumID, artistID) VALUES ("55vsJO4tLZQ37qzD5QUOmh", 227613, "House With No Mirrors", 69, "spanish", "0hLO1xWbUmh7jkQ5dSn8yj", "55vsJO4tLZQ37qzD5QUOmh")
INSERT TRACK/ALBUM (53TahmYf0QQmhxmBBs5IbL/7rE8vH4i4kOwzojYltNKDg) INTO TrackAlbum TABLE
INSERT INTO TrackAlbum (songID, albumID) VALUES ("53TahmYf0QQmhxmBBs5IbL", "7rE8vH4i4kOwzojYltNKDg")
INSERT TRACK 53TahmYf0QQmhxmBBs5IbL INTO Track TABLE
INSERT INTO Tracks (songID, duration, songName, popularity, genre, albumID, artistID) VALUES ("53TahmYf0QQmhxmBBs5IbL", 359877, "Running In The Grass", 53, "party", "7rE8vH4i4kOwzojYltNKDg", "53TahmYf0QQmhxmBBs5IbL")
INSERT TRACK/ALBUM (0ZRcIrNZejqbAWcFWEwjYY/0RVsK3eIw5offkE4ZvuFrC) INTO TrackAlbum TABLE
INSERT INTO TrackAlbum (songID, albumID) VALUES ("0ZRcIrNZejqbAWcFWEwjYY", "0RVsK3eIw5offkE4ZvuFrC")
INSERT TRACK 0ZRcIrNZejqbAWcFWEwjYY INTO Track TABLE
INSERT INTO Tracks (songID, duration, songName, popularity, genre, albumID, artistID) VALUES ("0ZRcIrNZejqbAWcFWEwjYY", 176030, "Bad To Myself - Slow Magic Remix", 38, "trip-hop", "0RVsK3eIw5offkE4ZvuFrC", "0ZRcIrNZejqbAWcFWEwjYY")
INSERT TRACK/ALBUM (6g8fBDkraKF8ZhAsawAXpl/30CiP9rniGDGGu3AeMjepN) INTO TrackAlbum TABLE
INSERT INTO TrackAlbum (songID, albumID) VALUES ("6g8fBDkraKF8ZhAsawAXpl", "30CiP9rniGDGGu3AeMjepN")
INSERT TRACK 6g8fBDkraKF8ZhAsawAXpl INTO Track TABLE
INSERT INTO Tracks (songID, duration, songName, popularity, genre, albumID, artistID) VALUES ("6g8fBDkraKF8ZhAsawAXpl", 162921, "GO FAST BABY", 45, "german", "30CiP9rniGDGGu3AeMjepN", "6g8fBDkraKF8ZhAsawAXpl")
INSERT TRACK/ALBUM (7nIPkUEV3HYE7yzXHvGOVB/0lRIk00NjjL2Io6732lPti) INTO TrackAlbum TABLE
INSERT INTO TrackAlbum (songID, albumID) VALUES ("7nIPkUEV3HYE7yzXHvGOVB", "0lRIk00NjjL2Io6732lPti")
INSERT TRACK 7nIPkUEV3HYE7yzXHvGOVB INTO Track TABLE
INSERT INTO Tracks (songID, duration, songName, popularity, genre, albumID, artistID) VALUES ("7nIPkUEV3HYE7yzXHvGOVB", 184846, "vicious (feat. Lil Mosey)", 70, "hardstyle", "0lRIk00NjjL2Io6732lPti", "7nIPkUEV3HYE7yzXHvGOVB")
INSERT TRACK/ALBUM (1EtaFUMQNsQrRLPiTUMNEd/6O3aFmCT2vf3ioyea14YyK) INTO TrackAlbum TABLE
INSERT INTO TrackAlbum (songID, albumID) VALUES ("1EtaFUMQNsQrRLPiTUMNEd", "6O3aFmCT2vf3ioyea14YyK")
INSERT TRACK 1EtaFUMQNsQrRLPiTUMNEd INTO Track TABLE
INSERT INTO Tracks (songID, duration, songName, popularity, genre, albumID, artistID) VALUES ("1EtaFUMQNsQrRLPiTUMNEd", 183533, "If I Know You", 26, "dub", "6O3aFmCT2vf3ioyea14YyK", "1EtaFUMQNsQrRLPiTUMNEd")
INSERT TRACK/ALBUM (5Ccr02bYbYMweF2A38znNe/2rFbouSeY4LFhYto8rVXx3) INTO TrackAlbum TABLE
INSERT INTO TrackAlbum (songID, albumID) VALUES ("5Ccr02bYbYMweF2A38znNe", "2rFbouSeY4LFhYto8rVXx3")
INSERT TRACK 5Ccr02bYbYMweF2A38znNe INTO Track TABLE
INSERT INTO Tracks (songID, duration, songName, popularity, genre, albumID, artistID) VALUES ("5Ccr02bYbYMweF2A38znNe", 190749, "Days Get Better", 47, "black-metal", "2rFbouSeY4LFhYto8rVXx3", "5Ccr02bYbYMweF2A38znNe")
INSERT TRACK/ALBUM (4UOgxg01JqjG1BGO6dY7Ro/0jd35ldj5Tmg5s5qWkHAe8) INTO TrackAlbum TABLE
INSERT INTO TrackAlbum (songID, albumID) VALUES ("4UOgxg01JqjG1BGO6dY7Ro", "0jd35ldj5Tmg5s5qWkHAe8")
INSERT TRACK 4UOgxg01JqjG1BGO6dY7Ro INTO Track TABLE
INSERT INTO Tracks (songID, duration, songName, popularity, genre, albumID, artistID) VALUES ("4UOgxg01JqjG1BGO6dY7Ro", 218737, "Loverose", 52, "salsa", "0jd35ldj5Tmg5s5qWkHAe8", "4UOgxg01JqjG1BGO6dY7Ro")
INSERT TRACK/ALBUM (4rE0gFW1deaTnAplurM7BJ/2eL5MUUoJeIxetbhHdVm81) INTO TrackAlbum TABLE
INSERT INTO TrackAlbum (songID, albumID) VALUES ("4rE0gFW1deaTnAplurM7BJ", "2eL5MUUoJeIxetbhHdVm81")
INSERT TRACK 4rE0gFW1deaTnAplurM7BJ INTO Track TABLE
INSERT INTO Tracks (songID, duration, songName, popularity, genre, albumID, artistID) VALUES ("4rE0gFW1deaTnAplurM7BJ", 190515, "Don't Turn Around - Buddy Remix", 41, "french", "2eL5MUUoJeIxetbhHdVm81", "4rE0gFW1deaTnAplurM7BJ")
INSERT TRACK/ALBUM (7FlY52aY7xq3UCFGRcYMs0/4MLLqbSPtYyA6zPxd1Qqrm) INTO TrackAlbum TABLE
INSERT INTO TrackAlbum (songID, albumID) VALUES ("7FlY52aY7xq3UCFGRcYMs0", "4MLLqbSPtYyA6zPxd1Qqrm")
INSERT TRACK 7FlY52aY7xq3UCFGRcYMs0 INTO Track TABLE
INSERT INTO Tracks (songID, duration, songName, popularity, genre, albumID, artistID) VALUES ("7FlY52aY7xq3UCFGRcYMs0", 200626, "Way Down", 56, "electro", "4MLLqbSPtYyA6zPxd1Qqrm", "7FlY52aY7xq3UCFGRcYMs0")
INSERT TRACK/ALBUM (69TBA3I4xzOBpD4L6kCbbp/0BmgeooXoaAs6OSCE0BSjF) INTO TrackAlbum TABLE
INSERT INTO TrackAlbum (songID, albumID) VALUES ("69TBA3I4xzOBpD4L6kCbbp", "0BmgeooXoaAs6OSCE0BSjF")
INSERT TRACK 69TBA3I4xzOBpD4L6kCbbp INTO Track TABLE
INSERT INTO Tracks (songID, duration, songName, popularity, genre, albumID, artistID) VALUES ("69TBA3I4xzOBpD4L6kCbbp", 199777, "Here's the Thing", 8, "latino", "0BmgeooXoaAs6OSCE0BSjF", "69TBA3I4xzOBpD4L6kCbbp")
INSERT TRACK/ALBUM (1X85ThWdKFUmr35IDOclrU/5VJKUFRVgWu6fzD0XJhjcd) INTO TrackAlbum TABLE
INSERT INTO TrackAlbum (songID, albumID) VALUES ("1X85ThWdKFUmr35IDOclrU", "5VJKUFRVgWu6fzD0XJhjcd")
INSERT TRACK 1X85ThWdKFUmr35IDOclrU INTO Track TABLE
INSERT INTO Tracks (songID, duration, songName, popularity, genre, albumID, artistID) VALUES ("1X85ThWdKFUmr35IDOclrU", 178285, "Break Up With Her", 0, "rainy-day", "5VJKUFRVgWu6fzD0XJhjcd", "1X85ThWdKFUmr35IDOclrU")
INSERT TRACK/ALBUM (1ASLtnlfmToZpNm5mDGpow/6inskjOXMnEFnxt0QUFFYu) INTO TrackAlbum TABLE
INSERT INTO TrackAlbum (songID, albumID) VALUES ("1ASLtnlfmToZpNm5mDGpow", "6inskjOXMnEFnxt0QUFFYu")
INSERT TRACK 1ASLtnlfmToZpNm5mDGpow INTO Track TABLE
INSERT INTO Tracks (songID, duration, songName, popularity, genre, albumID, artistID) VALUES ("1ASLtnlfmToZpNm5mDGpow", 266430, "Hyperspace (feat. ISHMAEL)", 25, "work-out", "6inskjOXMnEFnxt0QUFFYu", "1ASLtnlfmToZpNm5mDGpow")
INSERT TRACK/ALBUM (29xBBYsBJYhxpci6I1zD3T/6qZ2Ul37SmZAk5tSUWYM0P) INTO TrackAlbum TABLE
INSERT INTO TrackAlbum (songID, albumID) VALUES ("29xBBYsBJYhxpci6I1zD3T", "6qZ2Ul37SmZAk5tSUWYM0P")
INSERT TRACK 29xBBYsBJYhxpci6I1zD3T INTO Track TABLE
INSERT INTO Tracks (songID, duration, songName, popularity, genre, albumID, artistID) VALUES ("29xBBYsBJYhxpci6I1zD3T", 212831, "Through the Valley - The Last of Us Part II", 56, "disney", "6qZ2Ul37SmZAk5tSUWYM0P", "29xBBYsBJYhxpci6I1zD3T")
INSERT TRACK/ALBUM (3ehrCQoouv7NW8LRgcMvRF/3EScPN7QqAa3WUVgZe1dNo) INTO TrackAlbum TABLE
INSERT INTO TrackAlbum (songID, albumID) VALUES ("3ehrCQoouv7NW8LRgcMvRF", "3EScPN7QqAa3WUVgZe1dNo")
INSERT TRACK 3ehrCQoouv7NW8LRgcMvRF INTO Track TABLE
INSERT INTO Tracks (songID, duration, songName, popularity, genre, albumID, artistID) VALUES ("3ehrCQoouv7NW8LRgcMvRF", 207509, "is your bedroom ceiling bored? (feat. Cavetown)", 63, "j-rock", "3EScPN7QqAa3WUVgZe1dNo", "3ehrCQoouv7NW8LRgcMvRF")
INSERT TRACK/ALBUM (4nF6YWRCmBA26XjNnwhzMl/4rICltXatdFRZEw3bxykTG) INTO TrackAlbum TABLE
INSERT INTO TrackAlbum (songID, albumID) VALUES ("4nF6YWRCmBA26XjNnwhzMl", "4rICltXatdFRZEw3bxykTG")
INSERT TRACK 4nF6YWRCmBA26XjNnwhzMl INTO Track TABLE
INSERT INTO Tracks (songID, duration, songName, popularity, genre, albumID, artistID) VALUES ("4nF6YWRCmBA26XjNnwhzMl", 218321, "Trajectory", 37, "ska", "4rICltXatdFRZEw3bxykTG", "4nF6YWRCmBA26XjNnwhzMl")
INSERT TRACK/ALBUM (00JL8rXWjx4q6hbWZMtKyI/2oEbwag5z73ARuDvi7Z8kC) INTO TrackAlbum TABLE
INSERT INTO TrackAlbum (songID, albumID) VALUES ("00JL8rXWjx4q6hbWZMtKyI", "2oEbwag5z73ARuDvi7Z8kC")
INSERT TRACK 00JL8rXWjx4q6hbWZMtKyI INTO Track TABLE
INSERT INTO Tracks (songID, duration, songName, popularity, genre, albumID, artistID) VALUES ("00JL8rXWjx4q6hbWZMtKyI", 196886, "Undercover Martyn", 8, "soundtracks", "2oEbwag5z73ARuDvi7Z8kC", "00JL8rXWjx4q6hbWZMtKyI")
INSERT TRACK/ALBUM (4WQH2GAmG8JuDy30Ej47ux/0wXwAxwLR8mlFYLkyPINgg) INTO TrackAlbum TABLE
INSERT INTO TrackAlbum (songID, albumID) VALUES ("4WQH2GAmG8JuDy30Ej47ux", "0wXwAxwLR8mlFYLkyPINgg")
INSERT TRACK 4WQH2GAmG8JuDy30Ej47ux INTO Track TABLE
INSERT INTO Tracks (songID, duration, songName, popularity, genre, albumID, artistID) VALUES ("4WQH2GAmG8JuDy30Ej47ux", 181386, "Make It (feat. Church Leon)", 34, "trance", "0wXwAxwLR8mlFYLkyPINgg", "4WQH2GAmG8JuDy30Ej47ux")
INSERT TRACK/ALBUM (5SqjUnqGSKmvuPPRjvpzxR/1JISsEZoWYhX6UfZAi3Efh) INTO TrackAlbum TABLE
INSERT INTO TrackAlbum (songID, albumID) VALUES ("5SqjUnqGSKmvuPPRjvpzxR", "1JISsEZoWYhX6UfZAi3Efh")
INSERT TRACK 5SqjUnqGSKmvuPPRjvpzxR INTO Track TABLE
INSERT INTO Tracks (songID, duration, songName, popularity, genre, albumID, artistID) VALUES ("5SqjUnqGSKmvuPPRjvpzxR", 184500, "Heaven Pt. II", 55, "forro", "1JISsEZoWYhX6UfZAi3Efh", "5SqjUnqGSKmvuPPRjvpzxR")
INSERT TRACK/ALBUM (6xB0rPxU3ncmMPgGDaD24M/4Vuv40LsiUtYe7iriTaByr) INTO TrackAlbum TABLE
INSERT INTO TrackAlbum (songID, albumID) VALUES ("6xB0rPxU3ncmMPgGDaD24M", "4Vuv40LsiUtYe7iriTaByr")
INSERT TRACK 6xB0rPxU3ncmMPgGDaD24M INTO Track TABLE
INSERT INTO Tracks (songID, duration, songName, popularity, genre, albumID, artistID) VALUES ("6xB0rPxU3ncmMPgGDaD24M", 188636, "Too Many Nights", 0, "detroit-techno", "4Vuv40LsiUtYe7iriTaByr", "6xB0rPxU3ncmMPgGDaD24M")
INSERT TRACK/ALBUM (7pBEyNTUUZF2uFOK65Bt8B/3ZHWybQbLiWIGdT0Ha1khm) INTO TrackAlbum TABLE
INSERT INTO TrackAlbum (songID, albumID) VALUES ("7pBEyNTUUZF2uFOK65Bt8B", "3ZHWybQbLiWIGdT0Ha1khm")
INSERT TRACK 7pBEyNTUUZF2uFOK65Bt8B INTO Track TABLE
INSERT INTO Tracks (songID, duration, songName, popularity, genre, albumID, artistID) VALUES ("7pBEyNTUUZF2uFOK65Bt8B", 196280, "Hot Chicken", 50, "bossanova", "3ZHWybQbLiWIGdT0Ha1khm", "7pBEyNTUUZF2uFOK65Bt8B")
INSERT TRACK/ALBUM (4GFpId1SnvPZn8ER4VflPL/2omZmcYUipFy2tpXoRHB5i) INTO TrackAlbum TABLE
INSERT INTO TrackAlbum (songID, albumID) VALUES ("4GFpId1SnvPZn8ER4VflPL", "2omZmcYUipFy2tpXoRHB5i")
INSERT TRACK 4GFpId1SnvPZn8ER4VflPL INTO Track TABLE
INSERT INTO Tracks (songID, duration, songName, popularity, genre, albumID, artistID) VALUES ("4GFpId1SnvPZn8ER4VflPL", 195973, "Happiness", 59, "acoustic", "2omZmcYUipFy2tpXoRHB5i", "4GFpId1SnvPZn8ER4VflPL")
INSERT TRACK/ALBUM (73Ovlp2BOScOxS9mbGqTX1/5qgWzj4a1WMDpaoRJi7Vqr) INTO TrackAlbum TABLE
INSERT INTO TrackAlbum (songID, albumID) VALUES ("73Ovlp2BOScOxS9mbGqTX1", "5qgWzj4a1WMDpaoRJi7Vqr")
INSERT TRACK 73Ovlp2BOScOxS9mbGqTX1 INTO Track TABLE
INSERT INTO Tracks (songID, duration, songName, popularity, genre, albumID, artistID) VALUES ("73Ovlp2BOScOxS9mbGqTX1", 159388, "Citrus", 49, "afrobeat", "5qgWzj4a1WMDpaoRJi7Vqr", "73Ovlp2BOScOxS9mbGqTX1")
INSERT TRACK/ALBUM (1db6ixe9nX6cqt2V1DYZnW/1dVw3jSdgZp7PfGhCEo32t) INTO TrackAlbum TABLE
INSERT INTO TrackAlbum (songID, albumID) VALUES ("1db6ixe9nX6cqt2V1DYZnW", "1dVw3jSdgZp7PfGhCEo32t")
INSERT TRACK 1db6ixe9nX6cqt2V1DYZnW INTO Track TABLE
INSERT INTO Tracks (songID, duration, songName, popularity, genre, albumID, artistID) VALUES ("1db6ixe9nX6cqt2V1DYZnW", 199880, "Am I High Rn (feat. blackbear)", 69, "party", "1dVw3jSdgZp7PfGhCEo32t", "1db6ixe9nX6cqt2V1DYZnW")
INSERT TRACK/ALBUM (345aCD2ReEBsMqKE392DKM/5y2At1x5RxnCYWOTAdtSVR) INTO TrackAlbum TABLE
INSERT INTO TrackAlbum (songID, albumID) VALUES ("345aCD2ReEBsMqKE392DKM", "5y2At1x5RxnCYWOTAdtSVR")
INSERT TRACK 345aCD2ReEBsMqKE392DKM INTO Track TABLE
INSERT INTO Tracks (songID, duration, songName, popularity, genre, albumID, artistID) VALUES ("345aCD2ReEBsMqKE392DKM", 177656, "Everybody's Gotta Learn Sometime", 42, "electronic", "5y2At1x5RxnCYWOTAdtSVR", "345aCD2ReEBsMqKE392DKM")
INSERT TRACK/ALBUM (7KLS9nmYAbNh3RnAaymqau/22kvGKbuQfV0GM0gJJGXdw) INTO TrackAlbum TABLE
INSERT INTO TrackAlbum (songID, albumID) VALUES ("7KLS9nmYAbNh3RnAaymqau", "22kvGKbuQfV0GM0gJJGXdw")
INSERT TRACK 7KLS9nmYAbNh3RnAaymqau INTO Track TABLE
INSERT INTO Tracks (songID, duration, songName, popularity, genre, albumID, artistID) VALUES ("7KLS9nmYAbNh3RnAaymqau", 205413, "the lucky ones", 15, "indie-pop", "22kvGKbuQfV0GM0gJJGXdw", "7KLS9nmYAbNh3RnAaymqau")
INSERT TRACK/ALBUM (3pndPhlQWjuSoXhcIIdBjv/0lUL92det7mZ4DaHYmiUEC) INTO TrackAlbum TABLE
INSERT INTO TrackAlbum (songID, albumID) VALUES ("3pndPhlQWjuSoXhcIIdBjv", "0lUL92det7mZ4DaHYmiUEC")
INSERT TRACK 3pndPhlQWjuSoXhcIIdBjv INTO Track TABLE
INSERT INTO Tracks (songID, duration, songName, popularity, genre, albumID, artistID) VALUES ("3pndPhlQWjuSoXhcIIdBjv", 165853, "What They Want", 79, "afrobeat", "0lUL92det7mZ4DaHYmiUEC", "3pndPhlQWjuSoXhcIIdBjv")
INSERT TRACK/ALBUM (2ENxOXbxhfJ3lfItO0MFDv/1TOxhqUtnHSJHnOqRlVxQa) INTO TrackAlbum TABLE
INSERT INTO TrackAlbum (songID, albumID) VALUES ("2ENxOXbxhfJ3lfItO0MFDv", "1TOxhqUtnHSJHnOqRlVxQa")
INSERT TRACK 2ENxOXbxhfJ3lfItO0MFDv INTO Track TABLE
INSERT INTO Tracks (songID, duration, songName, popularity, genre, albumID, artistID) VALUES ("2ENxOXbxhfJ3lfItO0MFDv", 213070, "Take Care of You (feat. Syd)", 64, "metalcore", "1TOxhqUtnHSJHnOqRlVxQa", "2ENxOXbxhfJ3lfItO0MFDv")
INSERT TRACK/ALBUM (09lFOAfP2CAgvFMdxrc1xn/20S68oxpNojdyO05z26FNm) INTO TrackAlbum TABLE
INSERT INTO TrackAlbum (songID, albumID) VALUES ("09lFOAfP2CAgvFMdxrc1xn", "20S68oxpNojdyO05z26FNm")
INSERT TRACK 09lFOAfP2CAgvFMdxrc1xn INTO Track TABLE
INSERT INTO Tracks (songID, duration, songName, popularity, genre, albumID, artistID) VALUES ("09lFOAfP2CAgvFMdxrc1xn", 202272, "Hit n Run", 31, "edm", "20S68oxpNojdyO05z26FNm", "09lFOAfP2CAgvFMdxrc1xn")
INSERT TRACK/ALBUM (35l9DX6aIDg7GD4kyZGRma/70RLe8ucn6HBQixW9KihHn) INTO TrackAlbum TABLE
INSERT INTO TrackAlbum (songID, albumID) VALUES ("35l9DX6aIDg7GD4kyZGRma", "70RLe8ucn6HBQixW9KihHn")
INSERT TRACK 35l9DX6aIDg7GD4kyZGRma INTO Track TABLE
INSERT INTO Tracks (songID, duration, songName, popularity, genre, albumID, artistID) VALUES ("35l9DX6aIDg7GD4kyZGRma", 115600, "DEMONS", 27, "singer-songwriter", "70RLe8ucn6HBQixW9KihHn", "35l9DX6aIDg7GD4kyZGRma")
INSERT TRACK/ALBUM (08lS7uqLMbXv7BDOb9guYJ/0oHUs3J4ctv827KteZGkI0) INTO TrackAlbum TABLE
INSERT INTO TrackAlbum (songID, albumID) VALUES ("08lS7uqLMbXv7BDOb9guYJ", "0oHUs3J4ctv827KteZGkI0")
INSERT TRACK 08lS7uqLMbXv7BDOb9guYJ INTO Track TABLE
INSERT INTO Tracks (songID, duration, songName, popularity, genre, albumID, artistID) VALUES ("08lS7uqLMbXv7BDOb9guYJ", 222294, "Come Over", 53, "summer", "0oHUs3J4ctv827KteZGkI0", "08lS7uqLMbXv7BDOb9guYJ")
INSERT TRACK/ALBUM (3Xa0sbyAtaEYYl2qRGnWQb/3LN2EXddZ3AtoPksRtLZRS) INTO TrackAlbum TABLE
INSERT INTO TrackAlbum (songID, albumID) VALUES ("3Xa0sbyAtaEYYl2qRGnWQb", "3LN2EXddZ3AtoPksRtLZRS")
INSERT TRACK 3Xa0sbyAtaEYYl2qRGnWQb INTO Track TABLE
INSERT INTO Tracks (songID, duration, songName, popularity, genre, albumID, artistID) VALUES ("3Xa0sbyAtaEYYl2qRGnWQb", 174091, "Inhale", 71, "hip-hop", "3LN2EXddZ3AtoPksRtLZRS", "3Xa0sbyAtaEYYl2qRGnWQb")
INSERT TRACK/ALBUM (2t5z06k2w9ghTfk1Z3qw4o/2Fcap6W0PKnAt1ifPmSk85) INTO TrackAlbum TABLE
INSERT INTO TrackAlbum (songID, albumID) VALUES ("2t5z06k2w9ghTfk1Z3qw4o", "2Fcap6W0PKnAt1ifPmSk85")
INSERT TRACK 2t5z06k2w9ghTfk1Z3qw4o INTO Track TABLE
INSERT INTO Tracks (songID, duration, songName, popularity, genre, albumID, artistID) VALUES ("2t5z06k2w9ghTfk1Z3qw4o", 196371, "Running Away (feat. Devault & Seb Torgus)", 54, "romance", "2Fcap6W0PKnAt1ifPmSk85", "2t5z06k2w9ghTfk1Z3qw4o")
INSERT TRACK/ALBUM (0CmQgwV3Bmzh9nZb9TNVEI/6b9SrV7fOCmUubzvBQvRVg) INTO TrackAlbum TABLE
INSERT INTO TrackAlbum (songID, albumID) VALUES ("0CmQgwV3Bmzh9nZb9TNVEI", "6b9SrV7fOCmUubzvBQvRVg")
INSERT TRACK 0CmQgwV3Bmzh9nZb9TNVEI INTO Track TABLE
INSERT INTO Tracks (songID, duration, songName, popularity, genre, albumID, artistID) VALUES ("0CmQgwV3Bmzh9nZb9TNVEI", 225103, "Do To Me", 70, "honky-tonk", "6b9SrV7fOCmUubzvBQvRVg", "0CmQgwV3Bmzh9nZb9TNVEI")
INSERT TRACK/ALBUM (1YujOVzHHRNWqurlssJIOx/4Q6Y35QnNj37hiXVs1Bbxn) INTO TrackAlbum TABLE
INSERT INTO TrackAlbum (songID, albumID) VALUES ("1YujOVzHHRNWqurlssJIOx", "4Q6Y35QnNj37hiXVs1Bbxn")
INSERT TRACK 1YujOVzHHRNWqurlssJIOx INTO Track TABLE
INSERT INTO Tracks (songID, duration, songName, popularity, genre, albumID, artistID) VALUES ("1YujOVzHHRNWqurlssJIOx", 239666, "Rapture", 59, "indie-pop", "4Q6Y35QnNj37hiXVs1Bbxn", "1YujOVzHHRNWqurlssJIOx")
INSERT TRACK/ALBUM (3ZsXd96biH3Imo7O8koqVj/7dMt6UZgJC1WXj3dH68YST) INTO TrackAlbum TABLE
INSERT INTO TrackAlbum (songID, albumID) VALUES ("3ZsXd96biH3Imo7O8koqVj", "7dMt6UZgJC1WXj3dH68YST")
INSERT TRACK 3ZsXd96biH3Imo7O8koqVj INTO Track TABLE
INSERT INTO Tracks (songID, duration, songName, popularity, genre, albumID, artistID) VALUES ("3ZsXd96biH3Imo7O8koqVj", 204536, "Unperson", 65, "bossanova", "7dMt6UZgJC1WXj3dH68YST", "3ZsXd96biH3Imo7O8koqVj")
INSERT TRACK/ALBUM (4VNtWSKDhvc2x99NiM5kbj/2qaaaIfB5TuEAh5cqI1ksz) INTO TrackAlbum TABLE
INSERT INTO TrackAlbum (songID, albumID) VALUES ("4VNtWSKDhvc2x99NiM5kbj", "2qaaaIfB5TuEAh5cqI1ksz")
INSERT TRACK 4VNtWSKDhvc2x99NiM5kbj INTO Track TABLE
INSERT INTO Tracks (songID, duration, songName, popularity, genre, albumID, artistID) VALUES ("4VNtWSKDhvc2x99NiM5kbj", 196736, "Mama (feat. Sting)", 60, "industrial", "2qaaaIfB5TuEAh5cqI1ksz", "4VNtWSKDhvc2x99NiM5kbj")
INSERT TRACK/ALBUM (3n2P3ipLt5mPFVaM0fJHNR/1Yd5M9rC3ZIzEeafojwAJ2) INTO TrackAlbum TABLE
INSERT INTO TrackAlbum (songID, albumID) VALUES ("3n2P3ipLt5mPFVaM0fJHNR", "1Yd5M9rC3ZIzEeafojwAJ2")
INSERT TRACK 3n2P3ipLt5mPFVaM0fJHNR INTO Track TABLE
INSERT INTO Tracks (songID, duration, songName, popularity, genre, albumID, artistID) VALUES ("3n2P3ipLt5mPFVaM0fJHNR", 193320, "Wrap Me In Plastic - Marcus Layton Radio Edit", 76, "opera", "1Yd5M9rC3ZIzEeafojwAJ2", "3n2P3ipLt5mPFVaM0fJHNR")
INSERT TRACK/ALBUM (04NMWz4ctkuILV6mUR2iWp/6w0e4iHPyMH9yc30NwlV7b) INTO TrackAlbum TABLE
INSERT INTO TrackAlbum (songID, albumID) VALUES ("04NMWz4ctkuILV6mUR2iWp", "6w0e4iHPyMH9yc30NwlV7b")
INSERT TRACK 04NMWz4ctkuILV6mUR2iWp INTO Track TABLE
INSERT INTO Tracks (songID, duration, songName, popularity, genre, albumID, artistID) VALUES ("04NMWz4ctkuILV6mUR2iWp", 209131, "Lie", 74, "trance", "6w0e4iHPyMH9yc30NwlV7b", "04NMWz4ctkuILV6mUR2iWp")
INSERT TRACK/ALBUM (6qsVVFBn0CuPrEgx9u4QzK/19C3hX64lG3BikzOfwmUm6) INTO TrackAlbum TABLE
INSERT INTO TrackAlbum (songID, albumID) VALUES ("6qsVVFBn0CuPrEgx9u4QzK", "19C3hX64lG3BikzOfwmUm6")
INSERT TRACK 6qsVVFBn0CuPrEgx9u4QzK INTO Track TABLE
INSERT INTO Tracks (songID, duration, songName, popularity, genre, albumID, artistID) VALUES ("6qsVVFBn0CuPrEgx9u4QzK", 220121, "Hold Me (feat. Mishaal)", 58, "dub", "19C3hX64lG3BikzOfwmUm6", "6qsVVFBn0CuPrEgx9u4QzK")
INSERT TRACK/ALBUM (5iFwAOB2TFkPJk8sMlxP8g/2CxrZinzjDXZidyx5EP214) INTO TrackAlbum TABLE
INSERT INTO TrackAlbum (songID, albumID) VALUES ("5iFwAOB2TFkPJk8sMlxP8g", "2CxrZinzjDXZidyx5EP214")
INSERT TRACK 5iFwAOB2TFkPJk8sMlxP8g INTO Track TABLE
INSERT INTO Tracks (songID, duration, songName, popularity, genre, albumID, artistID) VALUES ("5iFwAOB2TFkPJk8sMlxP8g", 232906, "Make You Mine", 83, "holidays", "2CxrZinzjDXZidyx5EP214", "5iFwAOB2TFkPJk8sMlxP8g")
INSERT TRACK/ALBUM (4MHWQwkmfYm3oscaCJGpF6/35w8iX5zRg4mgTnPP8keAH) INTO TrackAlbum TABLE
INSERT INTO TrackAlbum (songID, albumID) VALUES ("4MHWQwkmfYm3oscaCJGpF6", "35w8iX5zRg4mgTnPP8keAH")
INSERT TRACK 4MHWQwkmfYm3oscaCJGpF6 INTO Track TABLE
INSERT INTO Tracks (songID, duration, songName, popularity, genre, albumID, artistID) VALUES ("4MHWQwkmfYm3oscaCJGpF6", 209188, "Mining", 50, "hip-hop", "35w8iX5zRg4mgTnPP8keAH", "4MHWQwkmfYm3oscaCJGpF6")
INSERT TRACK/ALBUM (285pBltuF7vW8TeWk8hdRR/6tkjU4Umpo79wwkgPMV3nZ) INTO TrackAlbum TABLE
INSERT INTO TrackAlbum (songID, albumID) VALUES ("285pBltuF7vW8TeWk8hdRR", "6tkjU4Umpo79wwkgPMV3nZ")
INSERT TRACK 285pBltuF7vW8TeWk8hdRR INTO Track TABLE
INSERT INTO Tracks (songID, duration, songName, popularity, genre, albumID, artistID) VALUES ("285pBltuF7vW8TeWk8hdRR", 239835, "Lucid Dreams", 89, "indie", "6tkjU4Umpo79wwkgPMV3nZ", "285pBltuF7vW8TeWk8hdRR")
INSERT TRACK/ALBUM (7uzmGiiJyRfuViKKK3lVmR/5EEkfRgfYHiFu0lGur6Z6M) INTO TrackAlbum TABLE
INSERT INTO TrackAlbum (songID, albumID) VALUES ("7uzmGiiJyRfuViKKK3lVmR", "5EEkfRgfYHiFu0lGur6Z6M")
INSERT TRACK 7uzmGiiJyRfuViKKK3lVmR INTO Track TABLE
INSERT INTO Tracks (songID, duration, songName, popularity, genre, albumID, artistID) VALUES ("7uzmGiiJyRfuViKKK3lVmR", 131064, "Mine", 79, "malay", "5EEkfRgfYHiFu0lGur6Z6M", "7uzmGiiJyRfuViKKK3lVmR")
INSERT TRACK/ALBUM (4XRaGryj589Fee9HqIDwup/0T40glEIKM60U4VP9x5Lqf) INTO TrackAlbum TABLE
INSERT INTO TrackAlbum (songID, albumID) VALUES ("4XRaGryj589Fee9HqIDwup", "0T40glEIKM60U4VP9x5Lqf")
INSERT TRACK 4XRaGryj589Fee9HqIDwup INTO Track TABLE
INSERT INTO Tracks (songID, duration, songName, popularity, genre, albumID, artistID) VALUES ("4XRaGryj589Fee9HqIDwup", 300000, "Count What You Have Now", 54, "punk", "0T40glEIKM60U4VP9x5Lqf", "4XRaGryj589Fee9HqIDwup")
INSERT TRACK/ALBUM (3kCYMrr7tQ4cSQgcbESY8k/75RykdTwbwZtYD3zVX1091) INTO TrackAlbum TABLE
INSERT INTO TrackAlbum (songID, albumID) VALUES ("3kCYMrr7tQ4cSQgcbESY8k", "75RykdTwbwZtYD3zVX1091")
INSERT TRACK 3kCYMrr7tQ4cSQgcbESY8k INTO Track TABLE
INSERT INTO Tracks (songID, duration, songName, popularity, genre, albumID, artistID) VALUES ("3kCYMrr7tQ4cSQgcbESY8k", 194560, "Come Let's Watch the Rain as It's Falling Down", 44, "edm", "75RykdTwbwZtYD3zVX1091", "3kCYMrr7tQ4cSQgcbESY8k")
INSERT TRACK/ALBUM (3bz4WlzYw6XatcaTIh0zGX/0qnExDZfz0kVeBjixPsyjS) INTO TrackAlbum TABLE
INSERT INTO TrackAlbum (songID, albumID) VALUES ("3bz4WlzYw6XatcaTIh0zGX", "0qnExDZfz0kVeBjixPsyjS")
INSERT TRACK 3bz4WlzYw6XatcaTIh0zGX INTO Track TABLE
INSERT INTO Tracks (songID, duration, songName, popularity, genre, albumID, artistID) VALUES ("3bz4WlzYw6XatcaTIh0zGX", 271256, "xXXi_wud_nvrstp_XXx (Remix) [feat. Tommy Cash & Hannah Diamond]", 56, "party", "0qnExDZfz0kVeBjixPsyjS", "3bz4WlzYw6XatcaTIh0zGX")
INSERT TRACK/ALBUM (7CUkeiG7QtB7tPU9f8SANS/2uhB1KivbFnlkARpbd0Cvu) INTO TrackAlbum TABLE
INSERT INTO TrackAlbum (songID, albumID) VALUES ("7CUkeiG7QtB7tPU9f8SANS", "2uhB1KivbFnlkARpbd0Cvu")
INSERT TRACK 7CUkeiG7QtB7tPU9f8SANS INTO Track TABLE
INSERT INTO Tracks (songID, duration, songName, popularity, genre, albumID, artistID) VALUES ("7CUkeiG7QtB7tPU9f8SANS", 126616, "hand crushed by a mallet", 72, "rockabilly", "2uhB1KivbFnlkARpbd0Cvu", "7CUkeiG7QtB7tPU9f8SANS")
INSERT TRACK/ALBUM (23Dapn8107GgxvXDIsPwWm/2uhB1KivbFnlkARpbd0Cvu) INTO TrackAlbum TABLE
INSERT INTO TrackAlbum (songID, albumID) VALUES ("23Dapn8107GgxvXDIsPwWm", "2uhB1KivbFnlkARpbd0Cvu")
INSERT TRACK 23Dapn8107GgxvXDIsPwWm INTO Track TABLE
INSERT INTO Tracks (songID, duration, songName, popularity, genre, albumID, artistID) VALUES ("23Dapn8107GgxvXDIsPwWm", 121681, "stupid horse", 70, "breakbeat", "2uhB1KivbFnlkARpbd0Cvu", "23Dapn8107GgxvXDIsPwWm")
INSERT TRACK/ALBUM (02MWAaffLxlfxAUY7c5dvx/0KTj6k94XZh0c6IEMfxeWV) INTO TrackAlbum TABLE
INSERT INTO TrackAlbum (songID, albumID) VALUES ("02MWAaffLxlfxAUY7c5dvx", "0KTj6k94XZh0c6IEMfxeWV")
INSERT TRACK 02MWAaffLxlfxAUY7c5dvx INTO Track TABLE
INSERT INTO Tracks (songID, duration, songName, popularity, genre, albumID, artistID) VALUES ("02MWAaffLxlfxAUY7c5dvx", 238805, "Heat Waves", 67, "happy", "0KTj6k94XZh0c6IEMfxeWV", "02MWAaffLxlfxAUY7c5dvx")
INSERT TRACK/ALBUM (4W1hy390P7IYBFbdvwzZBw/5GRYCbywEXtS7c1vMGnURb) INTO TrackAlbum TABLE
INSERT INTO TrackAlbum (songID, albumID) VALUES ("4W1hy390P7IYBFbdvwzZBw", "5GRYCbywEXtS7c1vMGnURb")
INSERT TRACK 4W1hy390P7IYBFbdvwzZBw INTO Track TABLE
INSERT INTO Tracks (songID, duration, songName, popularity, genre, albumID, artistID) VALUES ("4W1hy390P7IYBFbdvwzZBw", 108984, "For a Minute", 50, "movies", "5GRYCbywEXtS7c1vMGnURb", "4W1hy390P7IYBFbdvwzZBw")
INSERT TRACK/ALBUM (6ooluO7DiEhI1zmK94nRCM/0mUEGMT2YlzCWGeWOJjBKD) INTO TrackAlbum TABLE
INSERT INTO TrackAlbum (songID, albumID) VALUES ("6ooluO7DiEhI1zmK94nRCM", "0mUEGMT2YlzCWGeWOJjBKD")
INSERT TRACK 6ooluO7DiEhI1zmK94nRCM INTO Track TABLE
INSERT INTO Tracks (songID, duration, songName, popularity, genre, albumID, artistID) VALUES ("6ooluO7DiEhI1zmK94nRCM", 237026, "Take Me Out", 74, "breakbeat", "0mUEGMT2YlzCWGeWOJjBKD", "6ooluO7DiEhI1zmK94nRCM")
INSERT TRACK/ALBUM (2kqAtjOtQPAR0OiYUJR43k/12gXA8pXYzj9bycyyKSGAa) INTO TrackAlbum TABLE
INSERT INTO TrackAlbum (songID, albumID) VALUES ("2kqAtjOtQPAR0OiYUJR43k", "12gXA8pXYzj9bycyyKSGAa")
INSERT TRACK 2kqAtjOtQPAR0OiYUJR43k INTO Track TABLE
INSERT INTO Tracks (songID, duration, songName, popularity, genre, albumID, artistID) VALUES ("2kqAtjOtQPAR0OiYUJR43k", 192710, "Can We Dance", 63, "iranian", "12gXA8pXYzj9bycyyKSGAa", "2kqAtjOtQPAR0OiYUJR43k")
INSERT TRACK/ALBUM (7maYVnkJyhgI3ObNeEyT3C/4wkd3dJFopVf2GBPRfMsd4) INTO TrackAlbum TABLE
INSERT INTO TrackAlbum (songID, albumID) VALUES ("7maYVnkJyhgI3ObNeEyT3C", "4wkd3dJFopVf2GBPRfMsd4")
INSERT TRACK 7maYVnkJyhgI3ObNeEyT3C INTO Track TABLE
INSERT INTO Tracks (songID, duration, songName, popularity, genre, albumID, artistID) VALUES ("7maYVnkJyhgI3ObNeEyT3C", 185832, "littlebitwild", 53, "piano", "4wkd3dJFopVf2GBPRfMsd4", "7maYVnkJyhgI3ObNeEyT3C")
INSERT TRACK/ALBUM (3CNoyx7QAu6Tx7h6ssiVpH/07GKESsEct3rRTnISuw7sp) INTO TrackAlbum TABLE
INSERT INTO TrackAlbum (songID, albumID) VALUES ("3CNoyx7QAu6Tx7h6ssiVpH", "07GKESsEct3rRTnISuw7sp")
INSERT TRACK 3CNoyx7QAu6Tx7h6ssiVpH INTO Track TABLE
INSERT INTO Tracks (songID, duration, songName, popularity, genre, albumID, artistID) VALUES ("3CNoyx7QAu6Tx7h6ssiVpH", 163610, "We Are Number One (From 'LazyTown')", 39, "j-dance", "07GKESsEct3rRTnISuw7sp", "3CNoyx7QAu6Tx7h6ssiVpH")
INSERT TRACK/ALBUM (0GQqQ7dA7B4mcEktSZaOUp/4Fa7UBvAT9kuEMOAq2gbHm) INTO TrackAlbum TABLE
INSERT INTO TrackAlbum (songID, albumID) VALUES ("0GQqQ7dA7B4mcEktSZaOUp", "4Fa7UBvAT9kuEMOAq2gbHm")
INSERT TRACK 0GQqQ7dA7B4mcEktSZaOUp INTO Track TABLE
INSERT INTO Tracks (songID, duration, songName, popularity, genre, albumID, artistID) VALUES ("0GQqQ7dA7B4mcEktSZaOUp", 193189, "as long as you care", 70, "mpb", "4Fa7UBvAT9kuEMOAq2gbHm", "0GQqQ7dA7B4mcEktSZaOUp")
